[debug] [2017-12-19T00:16:43.646Z] ----------------------------------------------------------------------
[debug] [2017-12-19T00:16:43.648Z] Command:       /usr/local/Cellar/node/8.9.1/bin/node /usr/local/bin/firebase deploy
[debug] [2017-12-19T00:16:43.648Z] CLI Version:   3.13.1
[debug] [2017-12-19T00:16:43.648Z] Platform:      darwin
[debug] [2017-12-19T00:16:43.648Z] Node Version:  v8.9.1
[debug] [2017-12-19T00:16:43.649Z] Time:          Mon Dec 18 2017 18:16:43 GMT-0600 (CST)
[debug] [2017-12-19T00:16:43.649Z] ----------------------------------------------------------------------
[debug] 
[debug] [2017-12-19T00:16:43.661Z] > command requires scopes: ["email","openid","https://www.googleapis.com/auth/cloudplatformprojects.readonly","https://www.googleapis.com/auth/firebase","https://www.googleapis.com/auth/cloud-platform"]
[debug] [2017-12-19T00:16:43.661Z] > authorizing via signed-in user
[debug] [2017-12-19T00:16:43.663Z] > refreshing access token with scopes: ["email","https://www.googleapis.com/auth/cloud-platform","https://www.googleapis.com/auth/cloudplatformprojects.readonly","https://www.googleapis.com/auth/firebase","openid"]
[debug] [2017-12-19T00:16:43.663Z] >>> HTTP REQUEST POST https://www.googleapis.com/oauth2/v3/token { refresh_token: '1/uEZEWoJCihFjcDEwYDSnrbMgO8Vysrr0dQMEU1tT5Js',
  client_id: '563584335869-fgrhgmd47bqnekij5i8b5pr03ho849e6.apps.googleusercontent.com',
  client_secret: 'j9iVZfS8kkCEFUPaAeJV0sAi',
  grant_type: 'refresh_token',
  scope: 'email https://www.googleapis.com/auth/cloud-platform https://www.googleapis.com/auth/cloudplatformprojects.readonly https://www.googleapis.com/auth/firebase openid' } 
 Mon Dec 18 2017 18:16:43 GMT-0600 (CST)
[debug] [2017-12-19T00:16:43.901Z] <<< HTTP RESPONSE 200
[debug] [2017-12-19T00:16:43.919Z] >>> HTTP REQUEST GET https://admin.firebase.com/v1/projects/robbie-shock-s-personal-site  
 Mon Dec 18 2017 18:16:43 GMT-0600 (CST)
[debug] [2017-12-19T00:16:44.238Z] <<< HTTP RESPONSE 200
[debug] [2017-12-19T00:16:44.239Z] >>> HTTP REQUEST GET https://admin.firebase.com/v1/database/robbie-shock-s-personal-site/tokens  
 Mon Dec 18 2017 18:16:44 GMT-0600 (CST)
[debug] [2017-12-19T00:17:35.208Z] ----------------------------------------------------------------------
[debug] [2017-12-19T00:17:35.210Z] Command:       /usr/local/Cellar/node/8.9.1/bin/node /usr/local/bin/firebase deploy
[debug] [2017-12-19T00:17:35.210Z] CLI Version:   3.13.1
[debug] [2017-12-19T00:17:35.210Z] Platform:      darwin
[debug] [2017-12-19T00:17:35.210Z] Node Version:  v8.9.1
[debug] [2017-12-19T00:17:35.211Z] Time:          Mon Dec 18 2017 18:17:35 GMT-0600 (CST)
[debug] [2017-12-19T00:17:35.211Z] ----------------------------------------------------------------------
[debug] 
[debug] [2017-12-19T00:17:35.222Z] > command requires scopes: ["email","openid","https://www.googleapis.com/auth/cloudplatformprojects.readonly","https://www.googleapis.com/auth/firebase","https://www.googleapis.com/auth/cloud-platform"]
[debug] [2017-12-19T00:17:35.222Z] > authorizing via signed-in user
[debug] [2017-12-19T00:17:35.224Z] >>> HTTP REQUEST GET https://admin.firebase.com/v1/projects/robbie-shock-s-personal-site  
 Mon Dec 18 2017 18:17:35 GMT-0600 (CST)
[debug] [2017-12-19T00:17:35.505Z] <<< HTTP RESPONSE 200
[debug] [2017-12-19T00:17:35.506Z] >>> HTTP REQUEST GET https://admin.firebase.com/v1/database/robbie-shock-s-personal-site/tokens  
 Mon Dec 18 2017 18:17:35 GMT-0600 (CST)
[debug] [2017-12-19T00:18:35.592Z] <<< HTTP RESPONSE 504
[debug] [2017-12-19T00:18:35.592Z] <<< HTTP RESPONSE BODY <html>
<head><title>504 Gateway Time-out</title></head>
<body bgcolor="white">
<center><h1>504 Gateway Time-out</h1></center>
<hr><center>nginx</center>
</body>
</html>

[debug] [2017-12-19T00:18:35.594Z] TypeError: Cannot create property 'error' on string '<html>
<head><title>504 Gateway Time-out</title></head>
<body bgcolor="white">
<center><h1>504 Gateway Time-out</h1></center>
<hr><center>nginx</center>
</body>
</html>
'
    at module.exports (/usr/local/lib/node_modules/firebase-tools/lib/responseToError.js:11:16)
    at Request._callback (/usr/local/lib/node_modules/firebase-tools/lib/api.js:43:25)
    at Request.self.callback (/usr/local/lib/node_modules/firebase-tools/node_modules/request/request.js:186:22)
    at emitTwo (events.js:126:13)
    at Request.emit (events.js:214:7)
    at Request.<anonymous> (/usr/local/lib/node_modules/firebase-tools/node_modules/request/request.js:1163:10)
    at emitOne (events.js:116:13)
    at Request.emit (events.js:211:7)
    at IncomingMessage.<anonymous> (/usr/local/lib/node_modules/firebase-tools/node_modules/request/request.js:1085:12)
    at Object.onceWrapper (events.js:313:30)
[error] 
[error] Error: An unexpected error has occurred.
